[ 2019-05-21T15:18:23+08:00 ] ::1 ::1 GET /api/v1/banner/1
[ log ] localhost:8888/api/v1/banner/1 [运行时间：0.067555s][吞吐率：14.80req/s] [内存消耗：2,430.13kb] [文件加载：51]
[ sql ] [ DB ] CONNECT:[ UseTime:0.001029s ] mysql:dbname=zerg;host=127.0.0.1;port=8889;charset=utf8
[ sql ] [ SQL ] SHOW COLUMNS FROM `banner` [ RunTime:0.001758s ]
[ sql ] [ SQL ] SELECT * FROM `banner` WHERE  `id` = 1 LIMIT 1 [ RunTime:0.000590s ]
[ sql ] [ SQL ] SHOW COLUMNS FROM `banner_item` [ RunTime:0.000764s ]
[ sql ] [ SQL ] SELECT * FROM `banner_item` WHERE  `banner_id` = 1 [ RunTime:0.000427s ]
[ sql ] [ SQL ] SELECT * FROM `banner_item` WHERE  `banner_id` = 1 [ RunTime:0.000574s ]
[ sql ] [ SQL ] SHOW COLUMNS FROM `image` [ RunTime:0.000700s ]
[ sql ] [ SQL ] SELECT * FROM `image` WHERE  `id` IN (65,2,3,1) [ RunTime:0.000510s ]

---------------------------------------------------------------
[ 2019-05-21T15:18:53+08:00 ] ::1 ::1 GET /api/v1/banner/1
[ log ] localhost:8888/api/v1/banner/1 [运行时间：0.053488s][吞吐率：18.70req/s] [内存消耗：2,428.24kb] [文件加载：51]
[ sql ] [ DB ] CONNECT:[ UseTime:0.000888s ] mysql:dbname=zerg;host=127.0.0.1;port=8889;charset=utf8
[ sql ] [ SQL ] SHOW COLUMNS FROM `banner` [ RunTime:0.000872s ]
[ sql ] [ SQL ] SELECT * FROM `banner` WHERE  `id` = 1 LIMIT 1 [ RunTime:0.000580s ]
[ sql ] [ SQL ] SHOW COLUMNS FROM `banner_item` [ RunTime:0.000648s ]
[ sql ] [ SQL ] SELECT * FROM `banner_item` WHERE  `banner_id` = 1 [ RunTime:0.000458s ]
[ sql ] [ SQL ] SELECT * FROM `banner_item` WHERE  `banner_id` = 1 [ RunTime:0.000474s ]
[ sql ] [ SQL ] SHOW COLUMNS FROM `image` [ RunTime:0.000597s ]
[ sql ] [ SQL ] SELECT * FROM `image` WHERE  `id` IN (65,2,3,1) [ RunTime:0.000524s ]

---------------------------------------------------------------
[ 2019-05-21T15:20:34+08:00 ] ::1 ::1 GET /
[ log ] localhost:8888/ [运行时间：0.041377s][吞吐率：24.17req/s] [内存消耗：1,004.57kb] [文件加载：29]

---------------------------------------------------------------
[ 2019-05-21T15:20:40+08:00 ] ::1 ::1 GET /
[ log ] localhost:8888/ [运行时间：0.057132s][吞吐率：17.50req/s] [内存消耗：1,003.93kb] [文件加载：29]

---------------------------------------------------------------
[ 2019-05-21T15:21:35+08:00 ] ::1 ::1 GET /api/v1/banner/1
[ log ] localhost:8888/api/v1/banner/1 [运行时间：0.065354s][吞吐率：15.30req/s] [内存消耗：2,431.23kb] [文件加载：51]
[ sql ] [ DB ] CONNECT:[ UseTime:0.000532s ] mysql:dbname=zerg;host=127.0.0.1;port=8889;charset=utf8
[ sql ] [ SQL ] SHOW COLUMNS FROM `banner` [ RunTime:0.000941s ]
[ sql ] [ SQL ] SELECT * FROM `banner` WHERE  `id` = 1 LIMIT 1 [ RunTime:0.000424s ]
[ sql ] [ SQL ] SHOW COLUMNS FROM `banner_item` [ RunTime:0.000988s ]
[ sql ] [ SQL ] SELECT * FROM `banner_item` WHERE  `banner_id` = 1 [ RunTime:0.000349s ]
[ sql ] [ SQL ] SELECT * FROM `banner_item` WHERE  `banner_id` = 1 [ RunTime:0.000564s ]
[ sql ] [ SQL ] SHOW COLUMNS FROM `image` [ RunTime:0.000496s ]
[ sql ] [ SQL ] SELECT * FROM `image` WHERE  `id` IN (65,2,3,1) [ RunTime:0.000367s ]

---------------------------------------------------------------
[ 2019-05-21T15:21:36+08:00 ] ::1 ::1 GET /api/v1/banner/1
[ log ] localhost:8888/api/v1/banner/1 [运行时间：0.048937s][吞吐率：20.43req/s] [内存消耗：2,431.23kb] [文件加载：51]
[ sql ] [ DB ] CONNECT:[ UseTime:0.000663s ] mysql:dbname=zerg;host=127.0.0.1;port=8889;charset=utf8
[ sql ] [ SQL ] SHOW COLUMNS FROM `banner` [ RunTime:0.000630s ]
[ sql ] [ SQL ] SELECT * FROM `banner` WHERE  `id` = 1 LIMIT 1 [ RunTime:0.000483s ]
[ sql ] [ SQL ] SHOW COLUMNS FROM `banner_item` [ RunTime:0.000581s ]
[ sql ] [ SQL ] SELECT * FROM `banner_item` WHERE  `banner_id` = 1 [ RunTime:0.000341s ]
[ sql ] [ SQL ] SELECT * FROM `banner_item` WHERE  `banner_id` = 1 [ RunTime:0.000412s ]
[ sql ] [ SQL ] SHOW COLUMNS FROM `image` [ RunTime:0.000688s ]
[ sql ] [ SQL ] SELECT * FROM `image` WHERE  `id` IN (65,2,3,1) [ RunTime:0.000387s ]

---------------------------------------------------------------
[ 2019-05-21T15:47:52+08:00 ] ::1 ::1 GET /api/v1/banner/1
[ log ] localhost:8888/api/v1/banner/1 [运行时间：0.101001s][吞吐率：9.90req/s] [内存消耗：2,429.84kb] [文件加载：51]
[ sql ] [ DB ] CONNECT:[ UseTime:0.001074s ] mysql:dbname=zerg;host=127.0.0.1;port=8889;charset=utf8
[ sql ] [ SQL ] SHOW COLUMNS FROM `banner` [ RunTime:0.010102s ]
[ sql ] [ SQL ] SELECT * FROM `banner` WHERE  `id` = 1 LIMIT 1 [ RunTime:0.000762s ]
[ sql ] [ SQL ] SHOW COLUMNS FROM `banner_item` [ RunTime:0.001175s ]
[ sql ] [ SQL ] SELECT * FROM `banner_item` WHERE  `banner_id` = 1 [ RunTime:0.000497s ]
[ sql ] [ SQL ] SELECT * FROM `banner_item` WHERE  `banner_id` = 1 [ RunTime:0.000603s ]
[ sql ] [ SQL ] SHOW COLUMNS FROM `image` [ RunTime:0.001418s ]
[ sql ] [ SQL ] SELECT * FROM `image` WHERE  `id` IN (65,2,3,1) [ RunTime:0.000412s ]

---------------------------------------------------------------
[ 2019-05-21T22:21:02+08:00 ] ::1 ::1 GET /api/v1/banner/1
[ log ] localhost:8888/api/v1/banner/1 [运行时间：0.203836s][吞吐率：4.91req/s] [内存消耗：2,429.84kb] [文件加载：51]
[ sql ] [ DB ] CONNECT:[ UseTime:0.043054s ] mysql:dbname=zerg;host=127.0.0.1;port=8889;charset=utf8
[ sql ] [ SQL ] SHOW COLUMNS FROM `banner` [ RunTime:0.044295s ]
[ sql ] [ SQL ] SELECT * FROM `banner` WHERE  `id` = 1 LIMIT 1 [ RunTime:0.003350s ]
[ sql ] [ SQL ] SHOW COLUMNS FROM `banner_item` [ RunTime:0.001123s ]
[ sql ] [ SQL ] SELECT * FROM `banner_item` WHERE  `banner_id` = 1 [ RunTime:0.001392s ]
[ sql ] [ SQL ] SELECT * FROM `banner_item` WHERE  `banner_id` = 1 [ RunTime:0.000586s ]
[ sql ] [ SQL ] SHOW COLUMNS FROM `image` [ RunTime:0.000692s ]
[ sql ] [ SQL ] SELECT * FROM `image` WHERE  `id` IN (65,2,3,1) [ RunTime:0.002403s ]

---------------------------------------------------------------
